<?xml version="1.0" encoding="UTF-8"?>
<!-- Generated by org.testng.reporters.JUnitReportReporter -->
<testsuite hostname="DESKTOP-J54PBCJ" failures="0" tests="1" name="testCases.TC_002_LoginTest" time="3.893" errors="0" timestamp="2024-05-27T16:50:37 IST" skipped="0">
  <testcase classname="testCases.TC_002_LoginTest" name="verify_login" time="3.893"/>
</testsuite> <!-- testCases.TC_002_LoginTest -->
