<?xml version="1.0" encoding="UTF-8"?>
<!-- Generated by org.testng.reporters.JUnitReportReporter -->
<testsuite hostname="DESKTOP-J54PBCJ" failures="0" tests="1" name="testCases.TC_001_AccountRegistrationTest" time="7.085" errors="0" timestamp="2024-05-27T16:50:37 IST" skipped="0">
  <testcase classname="testCases.TC_001_AccountRegistrationTest" name="Verify_Account_Registration" time="7.085"/>
</testsuite> <!-- testCases.TC_001_AccountRegistrationTest -->
