<?xml version="1.0" encoding="UTF-8"?>
<!-- Generated by org.testng.reporters.JUnitReportReporter -->
<testsuite hostname="DESKTOP-J54PBCJ" failures="0" tests="1" name="testCases.TC_002_LoginTest" time="1.811" errors="0" timestamp="2024-05-27T21:23:27 IST" skipped="0">
  <testcase classname="testCases.TC_002_LoginTest" name="verify_login" time="1.811"/>
</testsuite> <!-- testCases.TC_002_LoginTest -->
