<?xml version="1.0" encoding="UTF-8"?>
<!-- Generated by org.testng.reporters.JUnitReportReporter -->
<testsuite hostname="DESKTOP-J54PBCJ" failures="0" tests="1" name="testCases.TC_001_AccountRegistrationTest" time="3.679" errors="0" timestamp="2024-05-27T21:23:27 IST" skipped="0">
  <testcase classname="testCases.TC_001_AccountRegistrationTest" name="Verify_Account_Registration" time="3.679"/>
</testsuite> <!-- testCases.TC_001_AccountRegistrationTest -->
